app/build/intermediates/manifest_merge_blame_file/debug/processDebugMainManifest/manifest-merger-blame-debug-report.txt
1<?xml version="1.0" encoding="utf-8"?>
2<manifest xmlns:android="http://schemas.android.com/apk/res/android"
3    package="com.example.fhubo"
4    android:versionCode="1"
5    android:versionName="1.0" >
6
7    <uses-sdk
8        android:minSdkVersion="24"
9        android:targetSdkVersion="36" />
10
11    <permission
11-->[androidx.core:core:1.17.0] AndroidManifest.xml:22:5-24:47
12        android:name="com.example.fhubo.DYNAMIC_RECEIVER_NOT_EXPORTED_PERMISSION"
12-->[androidx.core:core:1.17.0] AndroidManifest.xml:23:9-81
13        android:protectionLevel="signature" />
13-->[androidx.core:core:1.17.0] AndroidManifest.xml:24:9-44
14
15    <uses-permission android:name="com.example.fhubo.DYNAMIC_RECEIVER_NOT_EXPORTED_PERMISSION" />
15-->[androidx.core:core:1.17.0] AndroidManifest.xml:26:5-97
15-->[androidx.core:core:1.17.0] AndroidManifest.xml:26:22-94
16
17    <application
17-->src\main\AndroidManifest.xml:5:5-41:19
18        android:allowBackup="true"
18-->src\main\AndroidManifest.xml:6:9-35
19        android:appComponentFactory="androidx.core.app.CoreComponentFactory"
19-->[androidx.core:core:1.17.0] AndroidManifest.xml:28:18-86
20        android:dataExtractionRules="@xml/data_extraction_rules"
20-->src\main\AndroidManifest.xml:7:9-65
21        android:debuggable="true"
22        android:extractNativeLibs="false"
23        android:fullBackupContent="@xml/backup_rules"
23-->src\main\AndroidManifest.xml:8:9-54
24        android:icon="@mipmap/ic_launcher"
24-->src\main\AndroidManifest.xml:9:9-43
25        android:label="@string/app_name"
25-->src\main\AndroidManifest.xml:10:9-41
26        android:roundIcon="@mipmap/ic_launcher_round"
26-->src\main\AndroidManifest.xml:11:9-54
27        android:supportsRtl="true"
27-->src\main\AndroidManifest.xml:12:9-35
28        android:testOnly="true"
29        android:theme="@style/Theme.FHUBO" >
29-->src\main\AndroidManifest.xml:13:9-43
30        <activity
30-->src\main\AndroidManifest.xml:15:9-23:20
31            android:name="com.example.fhubo.Login"
31-->src\main\AndroidManifest.xml:16:13-34
32            android:exported="true"
32-->src\main\AndroidManifest.xml:17:13-36
33            android:theme="@style/Theme.App.SplashScreen" >
33-->src\main\AndroidManifest.xml:18:13-58
34            <intent-filter>
34-->src\main\AndroidManifest.xml:19:13-22:29
35                <action android:name="android.intent.action.MAIN" />
35-->src\main\AndroidManifest.xml:20:17-69
35-->src\main\AndroidManifest.xml:20:25-66
36
37                <category android:name="android.intent.category.LAUNCHER" />
37-->src\main\AndroidManifest.xml:21:17-77
37-->src\main\AndroidManifest.xml:21:27-74
38            </intent-filter>
39        </activity>
40        <activity
40-->src\main\AndroidManifest.xml:25:9-80
41            android:name="com.example.fhubo.Main.MainActivity"
41-->src\main\AndroidManifest.xml:25:19-52
42            android:exported="false" />
42-->src\main\AndroidManifest.xml:25:53-77
43        <activity
43-->src\main\AndroidManifest.xml:26:9-69
44            android:name="com.example.fhubo.Popup5"
44-->src\main\AndroidManifest.xml:26:19-41
45            android:exported="false" />
45-->src\main\AndroidManifest.xml:26:42-66
46        <activity
46-->src\main\AndroidManifest.xml:27:9-69
47            android:name="com.example.fhubo.Popup4"
47-->src\main\AndroidManifest.xml:27:19-41
48            android:exported="false" />
48-->src\main\AndroidManifest.xml:27:42-66
49        <activity
49-->src\main\AndroidManifest.xml:28:9-69
50            android:name="com.example.fhubo.Popup3"
50-->src\main\AndroidManifest.xml:28:19-41
51            android:exported="false" />
51-->src\main\AndroidManifest.xml:28:42-66
52        <activity
52-->src\main\AndroidManifest.xml:29:9-69
53            android:name="com.example.fhubo.Popup2"
53-->src\main\AndroidManifest.xml:29:19-41
54            android:exported="false" />
54-->src\main\AndroidManifest.xml:29:42-66
55        <activity
55-->src\main\AndroidManifest.xml:30:9-69
56            android:name="com.example.fhubo.Signin"
56-->src\main\AndroidManifest.xml:30:19-41
57            android:exported="false" />
57-->src\main\AndroidManifest.xml:30:42-66
58        <activity
58-->src\main\AndroidManifest.xml:31:9-82
59            android:name="com.example.fhubo.Films.FilmsActivity"
59-->src\main\AndroidManifest.xml:31:19-54
60            android:exported="false" />
60-->src\main\AndroidManifest.xml:31:55-79
61        <activity
61-->src\main\AndroidManifest.xml:32:9-80
62            android:name="com.example.fhubo.City.CityActivity"
62-->src\main\AndroidManifest.xml:32:19-52
63            android:exported="false" />
63-->src\main\AndroidManifest.xml:32:53-77
64        <activity
64-->src\main\AndroidManifest.xml:33:9-97
65            android:name="com.example.fhubo.CityLocation.CityLocationsActivity"
65-->src\main\AndroidManifest.xml:33:19-69
66            android:exported="false" />
66-->src\main\AndroidManifest.xml:33:70-94
67        <activity
67-->src\main\AndroidManifest.xml:34:9-90
68            android:name="com.example.fhubo.Favorites.FavoritesActivity"
68-->src\main\AndroidManifest.xml:34:19-62
69            android:exported="false" />
69-->src\main\AndroidManifest.xml:34:63-87
70        <activity
70-->src\main\AndroidManifest.xml:35:9-80
71            android:name="com.example.fhubo.Settings.Settings"
71-->src\main\AndroidManifest.xml:35:19-52
72            android:exported="false" />
72-->src\main\AndroidManifest.xml:35:53-77
73        <activity
73-->src\main\AndroidManifest.xml:36:9-76
74            android:name="com.example.fhubo.Settings.User"
74-->src\main\AndroidManifest.xml:36:19-48
75            android:exported="false" />
75-->src\main\AndroidManifest.xml:36:49-73
76        <activity
76-->src\main\AndroidManifest.xml:37:9-80
77            android:name="com.example.fhubo.Settings.Language"
77-->src\main\AndroidManifest.xml:37:19-52
78            android:exported="false" />
78-->src\main\AndroidManifest.xml:37:53-77
79        <activity
79-->src\main\AndroidManifest.xml:38:9-85
80            android:name="com.example.fhubo.Settings.Notificacions"
80-->src\main\AndroidManifest.xml:38:19-57
81            android:exported="false" />
81-->src\main\AndroidManifest.xml:38:58-82
82        <activity
82-->src\main\AndroidManifest.xml:39:9-73
83            android:name="com.example.fhubo.PopUpHelp1"
83-->src\main\AndroidManifest.xml:39:19-45
84            android:exported="false" />
84-->src\main\AndroidManifest.xml:39:46-70
85
86        <provider
86-->[androidx.emoji2:emoji2:1.3.0] AndroidManifest.xml:24:9-32:20
87            android:name="androidx.startup.InitializationProvider"
87-->[androidx.emoji2:emoji2:1.3.0] AndroidManifest.xml:25:13-67
88            android:authorities="com.example.fhubo.androidx-startup"
88-->[androidx.emoji2:emoji2:1.3.0] AndroidManifest.xml:26:13-68
89            android:exported="false" >
89-->[androidx.emoji2:emoji2:1.3.0] AndroidManifest.xml:27:13-37
90            <meta-data
90-->[androidx.emoji2:emoji2:1.3.0] AndroidManifest.xml:29:13-31:52
91                android:name="androidx.emoji2.text.EmojiCompatInitializer"
91-->[androidx.emoji2:emoji2:1.3.0] AndroidManifest.xml:30:17-75
92                android:value="androidx.startup" />
92-->[androidx.emoji2:emoji2:1.3.0] AndroidManifest.xml:31:17-49
93            <meta-data
93-->[androidx.lifecycle:lifecycle-process:2.9.4] AndroidManifest.xml:29:13-31:52
94                android:name="androidx.lifecycle.ProcessLifecycleInitializer"
94-->[androidx.lifecycle:lifecycle-process:2.9.4] AndroidManifest.xml:30:17-78
95                android:value="androidx.startup" />
95-->[androidx.lifecycle:lifecycle-process:2.9.4] AndroidManifest.xml:31:17-49
96            <meta-data
96-->[androidx.profileinstaller:profileinstaller:1.4.0] AndroidManifest.xml:29:13-31:52
97                android:name="androidx.profileinstaller.ProfileInstallerInitializer"
97-->[androidx.profileinstaller:profileinstaller:1.4.0] AndroidManifest.xml:30:17-85
98                android:value="androidx.startup" />
98-->[androidx.profileinstaller:profileinstaller:1.4.0] AndroidManifest.xml:31:17-49
99        </provider>
100
101        <receiver
101-->[androidx.profileinstaller:profileinstaller:1.4.0] AndroidManifest.xml:34:9-52:20
102            android:name="androidx.profileinstaller.ProfileInstallReceiver"
102-->[androidx.profileinstaller:profileinstaller:1.4.0] AndroidManifest.xml:35:13-76
103            android:directBootAware="false"
103-->[androidx.profileinstaller:profileinstaller:1.4.0] AndroidManifest.xml:36:13-44
104            android:enabled="true"
104-->[androidx.profileinstaller:profileinstaller:1.4.0] AndroidManifest.xml:37:13-35
105            android:exported="true"
105-->[androidx.profileinstaller:profileinstaller:1.4.0] AndroidManifest.xml:38:13-36
106            android:permission="android.permission.DUMP" >
106-->[androidx.profileinstaller:profileinstaller:1.4.0] AndroidManifest.xml:39:13-57
107            <intent-filter>
107-->[androidx.profileinstaller:profileinstaller:1.4.0] AndroidManifest.xml:40:13-42:29
108                <action android:name="androidx.profileinstaller.action.INSTALL_PROFILE" />
108-->[androidx.profileinstaller:profileinstaller:1.4.0] AndroidManifest.xml:41:17-91
108-->[androidx.profileinstaller:profileinstaller:1.4.0] AndroidManifest.xml:41:25-88
109            </intent-filter>
110            <intent-filter>
110-->[androidx.profileinstaller:profileinstaller:1.4.0] AndroidManifest.xml:43:13-45:29
111                <action android:name="androidx.profileinstaller.action.SKIP_FILE" />
111-->[androidx.profileinstaller:profileinstaller:1.4.0] AndroidManifest.xml:44:17-85
111-->[androidx.profileinstaller:profileinstaller:1.4.0] AndroidManifest.xml:44:25-82
112            </intent-filter>
113            <intent-filter>
113-->[androidx.profileinstaller:profileinstaller:1.4.0] AndroidManifest.xml:46:13-48:29
114                <action android:name="androidx.profileinstaller.action.SAVE_PROFILE" />
114-->[androidx.profileinstaller:profileinstaller:1.4.0] AndroidManifest.xml:47:17-88
114-->[androidx.profileinstaller:profileinstaller:1.4.0] AndroidManifest.xml:47:25-85
115            </intent-filter>
116            <intent-filter>
116-->[androidx.profileinstaller:profileinstaller:1.4.0] AndroidManifest.xml:49:13-51:29
117                <action android:name="androidx.profileinstaller.action.BENCHMARK_OPERATION" />
117-->[androidx.profileinstaller:profileinstaller:1.4.0] AndroidManifest.xml:50:17-95
117-->[androidx.profileinstaller:profileinstaller:1.4.0] AndroidManifest.xml:50:25-92
118            </intent-filter>
119        </receiver>
120    </application>
121
122</manifest>